SF:lib\counter\bloc\counter_bloc.dart
DA:6,2
DA:7,5
DA:8,5
LF:3
LH:3
end_of_record
SF:lib\login\business_logic\blocs\auth_bloc\auth_bloc.dart
DA:17,3
DA:20,2
DA:21,2
DA:22,2
DA:23,1
DA:32,1
DA:34,4
DA:35,1
DA:36,1
DA:38,2
DA:41,2
LF:11
LH:11
end_of_record
SF:lib\login\business_logic\blocs\auth_bloc\auth_event.dart
DA:8,1
LF:1
LH:1
end_of_record
SF:lib\login\business_logic\blocs\auth_bloc\auth_state.dart
DA:13,1
DA:19,1
LF:2
LH:2
end_of_record
SF:lib\login\data\models\api_response_model.dart
DA:6,3
DA:12,1
DA:13,4
LF:3
LH:3
end_of_record
SF:lib\login\data\models\auth_model.dart
DA:17,3
DA:23,1
DA:28,1
DA:29,1
DA:30,1
DA:31,1
DA:35,1
DA:37,4
LF:8
LH:8
end_of_record
SF:lib\login\data\repositories\auth_repository.dart
DA:8,1
DA:10,1
DA:11,2
LF:3
LH:3
end_of_record
SF:lib\login\business_logic\services\hive_service.dart
DA:10,1
DA:12,1
DA:13,1
DA:14,2
DA:16,1
DA:19,1
DA:20,5
DA:23,1
DA:24,2
DA:25,1
DA:28,1
DA:29,2
DA:30,1
DA:33,1
DA:34,2
DA:35,1
DA:38,1
DA:39,2
DA:40,1
DA:43,1
DA:44,2
DA:45,2
DA:48,1
DA:49,2
DA:50,2
DA:53,1
DA:54,2
DA:55,3
DA:58,1
DA:59,2
DA:60,1
DA:63,1
DA:64,2
DA:65,2
DA:68,1
DA:69,2
DA:70,3
DA:72,2
DA:73,3
DA:74,2
DA:78,1
DA:79,3
DA:80,3
LF:43
LH:43
end_of_record
SF:lib\login\data\provider\fake_api.dart
DA:7,1
DA:8,2
DA:9,1
DA:14,3
DA:15,2
DA:16,1
LF:6
LH:6
end_of_record
SF:lib\login\core\utils\extensions.dart
DA:3,1
DA:4,2
DA:5,1
DA:12,2
DA:13,4
DA:14,2
LF:6
LH:6
end_of_record
