SF:lib\counter\bloc\counter_bloc.dart
DA:6,2
DA:7,5
DA:8,5
LF:3
LH:3
end_of_record
SF:lib\login\business_logic\blocs\auth_bloc\auth_bloc.dart
DA:17,3
DA:20,2
DA:21,2
DA:22,2
DA:23,1
DA:32,1
DA:34,4
DA:35,1
DA:36,1
DA:38,2
DA:41,2
LF:11
LH:11
end_of_record
SF:lib\login\business_logic\blocs\auth_bloc\auth_event.dart
DA:8,1
LF:1
LH:1
end_of_record
SF:lib\login\business_logic\blocs\auth_bloc\auth_state.dart
DA:13,1
DA:19,1
LF:2
LH:2
end_of_record
SF:lib\login\data\models\api_response_model.dart
DA:6,3
DA:12,1
DA:13,4
LF:3
LH:3
end_of_record
SF:lib\login\data\models\auth_model.dart
DA:17,3
DA:23,1
DA:28,1
DA:29,1
DA:30,1
DA:31,1
DA:35,1
DA:37,4
LF:8
LH:8
end_of_record
SF:lib\login\data\models\auth_model.g.dart
DA:13,0
DA:15,0
DA:16,0
DA:17,0
DA:19,0
DA:20,0
DA:21,0
DA:22,0
DA:26,0
DA:29,0
DA:30,0
DA:31,0
DA:32,0
DA:33,0
DA:34,0
DA:35,0
DA:38,0
DA:39,0
DA:41,0
DA:44,0
DA:45,0
DA:46,0
LF:22
LH:0
end_of_record
SF:lib\login\data\repositories\auth_repository.dart
DA:8,1
DA:10,1
DA:11,2
LF:3
LH:3
end_of_record
SF:lib\login\data\provider\fake_api.dart
DA:7,1
DA:8,2
DA:9,1
DA:14,3
DA:15,2
DA:16,1
LF:6
LH:6
end_of_record
SF:lib\login\core\utils\extensions.dart
DA:3,1
DA:4,2
DA:5,1
DA:12,2
DA:13,4
DA:14,2
LF:6
LH:6
end_of_record
SF:lib\login\business_logic\services\hive_service.dart
DA:10,1
DA:12,1
DA:13,4
DA:16,1
DA:17,3
DA:18,2
DA:21,1
DA:22,3
DA:23,2
DA:26,1
DA:27,3
DA:28,2
DA:31,1
DA:32,3
DA:33,2
DA:36,1
DA:37,3
DA:38,3
DA:41,1
DA:42,3
DA:43,3
DA:46,1
DA:47,3
DA:48,4
DA:51,1
DA:52,3
DA:53,3
DA:56,1
DA:57,3
DA:58,4
DA:60,2
DA:61,4
DA:62,3
DA:66,1
DA:67,3
DA:68,3
LF:36
LH:36
end_of_record
